#!/bin/bash
#SBATCH --job-name=AntonJob
#SBATCH --account=aroth
#SBATCH -N 4
#SBATCH --ntasks=4

cat $0

./build/collimator macros/run3.mac

*************************************************************
 Geant4 version Name: geant4-10-03 [MT]   (9-December-2016)
  << in Multi-threaded mode >> 
                      Copyright : Geant4 Collaboration
                      Reference : NIM A 506 (2003), 250-303
                            WWW : http://cern.ch/geant4
*************************************************************

Visualization Manager instantiating with verbosity "warnings (3)"...
Visualization Manager initialising...
Registering graphics systems...

You have successfully registered the following graphics systems.
Current available graphics systems are:
ASCIITree (ATree)
DAWNFILE (DAWNFILE)
G4HepRep (HepRepXML)
G4HepRepFile (HepRepFile)
RayTracer (RayTracer)
VRML1FILE (VRML1FILE)
VRML2FILE (VRML2FILE)
gMocrenFile (gMocrenFile)
OpenGLImmediateQt (OGLIQt, OGLI)
OpenGLStoredQt (OGLSQt, OGL, OGLS)
OpenGLImmediateXm (OGLIXm, OGLIQt_FALLBACK)
OpenGLStoredXm (OGLSXm, OGLSQt_FALLBACK)
OpenGLImmediateX (OGLIX, OGLIQt_FALLBACK, OGLIXm_FALLBACK)
OpenGLStoredX (OGLSX, OGLSQt_FALLBACK, OGLSXm_FALLBACK)
RayTracerX (RayTracerX)

Registering model factories...

You have successfully registered the following model factories.
Registered model factories:
  generic
  drawByAttribute
  drawByCharge
  drawByOriginVolume
  drawByParticleID
  drawByEncounteredVolume

Registered filter factories:
  attributeFilter
  chargeFilter
  originVolumeFilter
  particleFilter
  encounteredVolumeFilter

You have successfully registered the following user vis actions.
Run Duration User Vis Actions: none
End of Event User Vis Actions: none
End of Run User Vis Actions: none

Some /vis commands (optionally) take a string to specify colour.
Available colours:
  black, blue, brown, cyan, gray, green, grey, magenta, red, white, yellow

Checking overlaps for volume p_outerTube ... OK! 
Cone info: cone_length (cm) = 2 nbr_cones = 5
Placement = (0,0,2)
Placement = (0,0,6)
Placement = (0,0,10)
Placement = (0,0,14)
Placement = (0,0,18)
Placement = (0,0,1)
Placement = (0,0,3)
Placement = (0,0,5)
Placement = (0,0,7)
Placement = (0,0,9)
Placement = (0,0,1)
Placement = (0,0,3)
Placement = (0,0,5)
Placement = (0,0,7)
Placement = (0,0,9)
Checking overlaps for volume p_crystalBox ... OK! 
Checking overlaps for volume p_sideBox ... OK! 
 G4PhysicsListHelper::AddTransportation()--- G4CoupledTransportation is used 
G4WT0 > 
G4WT0 > ^^^^^^^^^^^^^^^^^^^^^^^^^^^^^^^^^^^^^^^^^^^^^^^^^^^^^^^^^^^^^^^^^^^^^^^
G4WT0 >  Local thread RunManagerKernel version Name: geant4-10-03 [MT]
G4WT0 > ^^^^^^^^^^^^^^^^^^^^^^^^^^^^^^^^^^^^^^^^^^^^^^^^^^^^^^^^^^^^^^^^^^^^^^^
G4WT0 > 
G4WT1 > 
G4WT1 > ^^^^^^^^^^^^^^^^^^^^^^^^^^^^^^^^^^^^^^^^^^^^^^^^^^^^^^^^^^^^^^^^^^^^^^^
G4WT1 >  Local thread RunManagerKernel version Name: geant4-10-03 [MT]
G4WT1 > ^^^^^^^^^^^^^^^^^^^^^^^^^^^^^^^^^^^^^^^^^^^^^^^^^^^^^^^^^^^^^^^^^^^^^^^
G4WT1 > 
G4WT2 > 
G4WT2 > ^^^^^^^^^^^^^^^^^^^^^^^^^^^^^^^^^^^^^^^^^^^^^^^^^^^^^^^^^^^^^^^^^^^^^^^
G4WT2 >  Local thread RunManagerKernel version Name: geant4-10-03 [MT]
G4WT2 > ^^^^^^^^^^^^^^^^^^^^^^^^^^^^^^^^^^^^^^^^^^^^^^^^^^^^^^^^^^^^^^^^^^^^^^^
G4WT2 > 
G4WT3 > 
G4WT3 > ^^^^^^^^^^^^^^^^^^^^^^^^^^^^^^^^^^^^^^^^^^^^^^^^^^^^^^^^^^^^^^^^^^^^^^^
G4WT3 >  Local thread RunManagerKernel version Name: geant4-10-03 [MT]
G4WT3 > ^^^^^^^^^^^^^^^^^^^^^^^^^^^^^^^^^^^^^^^^^^^^^^^^^^^^^^^^^^^^^^^^^^^^^^^
G4WT3 > 
G4WT0 >  G4PhysicsListHelper::AddTransportation()--- G4CoupledTransportation is used 
G4WT0 > 
G4WT0 > ### ===  Deexcitation model UAtomDeexcitation is activated for 1 region:
G4WT0 >           DefaultRegionForTheWorld  1  1  0
G4WT0 > ### ===  Auger cascade flag: 1
G4WT0 > ### ===  Ignore cuts flag:   1
G4WT1 >  G4PhysicsListHelper::AddTransportation()--- G4CoupledTransportation is used 
G4WT1 > 
G4WT1 > ### ===  Deexcitation model UAtomDeexcitation is activated for 1 region:
G4WT1 >           DefaultRegionForTheWorld  1  1  0
G4WT1 > ### ===  Auger cascade flag: 1
G4WT1 > ### ===  Ignore cuts flag:   1
G4WT2 >  G4PhysicsListHelper::AddTransportation()--- G4CoupledTransportation is used 
G4WT2 > 
G4WT2 > ### ===  Deexcitation model UAtomDeexcitation is activated for 1 region:
G4WT2 >           DefaultRegionForTheWorld  1  1  0
G4WT2 > ### ===  Auger cascade flag: 1
G4WT2 > ### ===  Ignore cuts flag:   1
G4WT3 >  G4PhysicsListHelper::AddTransportation()--- G4CoupledTransportation is used 
G4WT3 > 
G4WT3 > ### ===  Deexcitation model UAtomDeexcitation is activated for 1 region:
G4WT3 >           DefaultRegionForTheWorld  1  1  0
G4WT3 > ### ===  Auger cascade flag: 1
G4WT3 > ### ===  Ignore cuts flag:   1
.... G4ScoringMessenger::MeshBinCommand - G4ScoringBox
G4SDManager::AddNewCollection : the collection <crystal_mesh/current> is registered at 1
G4SDManager::AddNewCollection : the collection <crystal_mesh/flux> is registered at 2
### Run 0 start.
G4WT0 > ### Run 0 start.
G4WT2 > ### Run 0 start.
G4WT3 > ### Run 0 start.
G4WT1 > ### Run 0 start.
Graphics systems deleted.
Visualization Manager deleting...

******************************************
Total Real Elapsed Time is: 86.75
Total System Elapsed Time: 0.04
Total GetUserElapsed Time: 342
******************************************
